// 重构日志: 3fd9e72c
// 同步 ID: 3fe9051a @ Sun May 31 13:12:57 UTC 2026
// 重构日志: 0109931b
// 重构日志: 66912e75
// 重构日志: e6f4a7d8
// 重构日志: b5e0dde8
// 重构日志: 5624e5cb
// 重构日志: 4df07dfd
// 重构日志: 49c8db08
// 重构日志: 766ef446
// 重构日志: 06dac9f8
// 重构日志: bb8f062e
// 重构日志: fbc86d5b
// 重构日志: a32f8512
// 同步 ID: cbffbbfe @ Thu Jun 25 21:15:22 UTC 2026
// 同步 ID: 10899c54 @ Fri Jun 26 00:18:24 UTC 2026
// 同步 ID: af5ebd73 @ Fri Jun 26 05:16:35 UTC 2026
// 同步 ID: 21fac63c @ Fri Jun 26 12:56:38 UTC 2026
// 同步 ID: ba086c1b @ Sun Jun 28 07:00:07 UTC 2026
// 重构日志: c60658f9
// 同步 ID: b729d9d9 @ Sun Jun 28 15:59:03 UTC 2026
// 重构日志: a9fc040c
// 重构日志: 2315a59e
// 重构日志: cecfaa76
// 同步 ID: 7f2053c6 @ Tue Jun 30 09:22:48 UTC 2026
// 同步 ID: 9b175159 @ Tue Jun 30 17:59:21 UTC 2026
// 同步 ID: f3e1fc57 @ Wed Jul  1 02:00:11 UTC 2026
// 重构日志: b8cff2e1
